TN:
SF:src/hooks/useErrorHandler.ts
FN:13,useErrorHandler
FN:17,(anonymous_8)
FN:19,(anonymous_9)
FN:39,(anonymous_10)
FNF:4
FNH:4
FNDA:43,useErrorHandler
FNDA:25,(anonymous_8)
FNDA:25,(anonymous_9)
FNDA:3,(anonymous_10)
DA:1,1
DA:13,1
DA:14,43
DA:15,43
DA:17,43
DA:19,25
DA:20,25
DA:21,25
DA:22,25
DA:23,25
DA:25,14
DA:26,14
DA:31,14
DA:32,14
DA:33,14
DA:35,25
DA:39,43
DA:40,3
DA:43,43
LF:19
LH:19
BRDA:27,0,0,14
BRDA:27,0,1,6
BRDA:27,0,2,2
BRDA:27,1,0,6
BRDA:27,1,1,8
BRDA:27,2,0,14
BRDA:27,2,1,14
BRDA:27,3,0,6
BRDA:27,3,1,8
BRDA:27,4,0,14
BRDA:27,4,1,14
BRDA:28,5,0,6
BRDA:28,5,1,8
BRDA:28,6,0,14
BRDA:28,6,1,14
BRDA:28,7,0,6
BRDA:28,7,1,8
BRDA:28,8,0,14
BRDA:28,8,1,14
BRDA:29,9,0,6
BRDA:29,9,1,8
BRDA:29,10,0,14
BRDA:29,10,1,14
BRDA:29,11,0,6
BRDA:29,11,1,8
BRDA:29,12,0,14
BRDA:29,12,1,14
BRF:27
BRH:27
end_of_record
